Grid dimension: [36, 86, 51]

===============================================
Fianal epoch 11544: PDE Error: 0.0001148523; False Transient Error: 0.0000000999
--- Total running time: 1374.394300699234 seconds ---
===============================================
Fianal epoch 18619: PDE Error: 0.0004984798; False Transient Error: 0.0000001000
--- Total running time: 3491.898153781891 seconds ---
===============================================
Fianal epoch 19999: PDE Error: 0.0007986796; False Transient Error: 0.0000001682
--- Total running time: 5784.187652826309 seconds ---
===============================================
Fianal epoch 19999: PDE Error: 0.0010161691; False Transient Error: 0.0000002295
--- Total running time: 8119.196548461914 seconds ---
===============================================
Fianal epoch 19999: PDE Error: 0.0010757401; False Transient Error: 0.0000002827
--- Total running time: 10429.280774593353 seconds ---
===============================================
Fianal epoch 19999: PDE Error: 0.0011510490; False Transient Error: 0.0000003291
--- Total running time: 12741.840538263321 seconds ---
===============================================
Fianal epoch 19999: PDE Error: 0.0012549418; False Transient Error: 0.0000003591
--- Total running time: 15056.239919185638 seconds ---
===============================================
Fianal epoch 19999: PDE Error: 0.0014084003; False Transient Error: 0.0000005954
--- Total running time: 17380.219370126724 seconds ---
===============================================
Fianal epoch 19999: PDE Error: 0.0014879521; False Transient Error: 0.0000003861
--- Total running time: 19692.38601064682 seconds ---
===============================================
Fianal epoch 19999: PDE Error: 0.0052763120; False Transient Error: 0.0042605330
--- Total running time: 22064.038276195526 seconds ---
===============================================
Fianal epoch 11547: PDE Error: 0.0000413086; False Transient Error: 0.0000000999
--- Total running time: 23315.671979427338 seconds ---
===============================================
Fianal epoch 11567: PDE Error: 0.0001999843; False Transient Error: 0.0000000999
--- Total running time: 24580.6751203537 seconds ---
===============================================
Fianal epoch 11610: PDE Error: 0.0003097664; False Transient Error: 0.0000000999
--- Total running time: 25851.45346927643 seconds ---
===============================================
Fianal epoch 11647: PDE Error: 0.0004053302; False Transient Error: 0.0000000999
--- Total running time: 27122.8513174057 seconds ---
===============================================
Fianal epoch 11679: PDE Error: 0.0004942525; False Transient Error: 0.0000001000
--- Total running time: 28401.177678346634 seconds ---
===============================================
Fianal epoch 11708: PDE Error: 0.0005809759; False Transient Error: 0.0000000999
--- Total running time: 29683.42908167839 seconds ---
===============================================
Fianal epoch 11733: PDE Error: 0.0006679845; False Transient Error: 0.0000001000
--- Total running time: 30958.679274082184 seconds ---
===============================================
Fianal epoch 11756: PDE Error: 0.0007569608; False Transient Error: 0.0000001000
--- Total running time: 32241.89986848831 seconds ---
===============================================
Fianal epoch 11777: PDE Error: 0.0008492343; False Transient Error: 0.0000001000
--- Total running time: 33520.174522161484 seconds ---
===============================================
Fianal epoch 11797: PDE Error: 0.0009426460; False Transient Error: 0.0000000999
--- Total running time: 34806.761909246445 seconds ---
===============================================
Fianal epoch 11599: PDE Error: 0.0000076950; False Transient Error: 0.0000000999
--- Total running time: 36061.893313884735 seconds ---
===============================================
Fianal epoch 11556: PDE Error: 0.0000200708; False Transient Error: 0.0000000999
--- Total running time: 37313.14327311516 seconds ---
===============================================
Fianal epoch 11538: PDE Error: 0.0000323218; False Transient Error: 0.0000000999
--- Total running time: 38560.004786252975 seconds ---
===============================================
Fianal epoch 11536: PDE Error: 0.0000441486; False Transient Error: 0.0000000999
--- Total running time: 39805.71322154999 seconds ---
===============================================
Fianal epoch 11535: PDE Error: 0.0000554932; False Transient Error: 0.0000000999
--- Total running time: 41031.7896399498 seconds ---
===============================================
Fianal epoch 11542: PDE Error: 0.0000663221; False Transient Error: 0.0000000999
--- Total running time: 42232.34390902519 seconds ---
===============================================
Fianal epoch 11546: PDE Error: 0.0000767436; False Transient Error: 0.0000001000
--- Total running time: 43532.047018527985 seconds ---
===============================================
Fianal epoch 11548: PDE Error: 0.0000866461; False Transient Error: 0.0000000999
--- Total running time: 44776.674684762955 seconds ---
===============================================
Fianal epoch 11548: PDE Error: 0.0000962487; False Transient Error: 0.0000001000
--- Total running time: 46021.25627017021 seconds ---
===============================================
Fianal epoch 11547: PDE Error: 0.0001053981; False Transient Error: 0.0000001000
--- Total running time: 47268.73853945732 seconds ---
===============================================
Fianal epoch 11523: PDE Error: 0.0000054300; False Transient Error: 0.0000001000
--- Total running time: 48517.616530656815 seconds ---
===============================================
Fianal epoch 11525: PDE Error: 0.0000057274; False Transient Error: 0.0000001000
--- Total running time: 49789.16058373451 seconds ---
===============================================
Fianal epoch 11530: PDE Error: 0.0000060299; False Transient Error: 0.0000001000
--- Total running time: 51072.662182331085 seconds ---
===============================================
Fianal epoch 11535: PDE Error: 0.0000063366; False Transient Error: 0.0000000999
--- Total running time: 52327.34332561493 seconds ---
===============================================
Fianal epoch 11539: PDE Error: 0.0000066479; False Transient Error: 0.0000000999
--- Total running time: 53478.24859333038 seconds ---
===============================================
Fianal epoch 11542: PDE Error: 0.0000069631; False Transient Error: 0.0000001000
--- Total running time: 54723.46629166603 seconds ---
===============================================
Fianal epoch 11545: PDE Error: 0.0000072814; False Transient Error: 0.0000000999
--- Total running time: 55971.665769815445 seconds ---
===============================================
Fianal epoch 11547: PDE Error: 0.0000076009; False Transient Error: 0.0000000999
--- Total running time: 57241.66368603706 seconds ---
===============================================
Fianal epoch 11548: PDE Error: 0.0000079262; False Transient Error: 0.0000001000
--- Total running time: 58481.72649908066 seconds ---
===============================================
Fianal epoch 11549: PDE Error: 0.0000082521; False Transient Error: 0.0000001000
--- Total running time: 59719.558238983154 seconds ---
/home/bincheng/TwoCapital_Bin
Grid dimension: [36, 86, 51]

===============================================
Fianal epoch 19999: PDE Error: 0.0013562291; False Transient Error: 0.0013560941
--- Total running time: 1956.2976360321045 seconds ---
===============================================
Fianal epoch 19999: PDE Error: 0.0021406577; False Transient Error: 0.0018931660
--- Total running time: 3846.18501496315 seconds ---
===============================================
Fianal epoch 19999: PDE Error: 0.0022613861; False Transient Error: 0.0016901019
--- Total running time: 5762.07527089119 seconds ---
===============================================
Fianal epoch 19999: PDE Error: 0.0024485992; False Transient Error: 0.0016284334
--- Total running time: 7641.803420305252 seconds ---
===============================================
Fianal epoch 19999: PDE Error: 0.0023998008; False Transient Error: 0.0016055036
--- Total running time: 9500.228482723236 seconds ---
===============================================
Fianal epoch 19999: PDE Error: 0.0024560571; False Transient Error: 0.0015868193
--- Total running time: 11367.893749713898 seconds ---
===============================================
Fianal epoch 19999: PDE Error: 0.0025705186; False Transient Error: 0.0015683218
--- Total running time: 13225.057523012161 seconds ---
===============================================
Fianal epoch 19999: PDE Error: 0.0026847838; False Transient Error: 0.0015570444
--- Total running time: 15087.143486261368 seconds ---
===============================================
Fianal epoch 19999: PDE Error: 0.0028476593; False Transient Error: 0.0015486910
--- Total running time: 16945.653565883636 seconds ---
===============================================
Fianal epoch 19999: PDE Error: 0.0028541500; False Transient Error: 0.0018118484
--- Total running time: 18804.421460866928 seconds ---
===============================================
Fianal epoch 19999: PDE Error: 0.0013548068; False Transient Error: 0.0013546718
--- Total running time: 20683.61386322975 seconds ---
===============================================
Fianal epoch 19999: PDE Error: 0.0015107489; False Transient Error: 0.0015104545
--- Total running time: 22577.97696518898 seconds ---
===============================================
Fianal epoch 19999: PDE Error: 0.0022964417; False Transient Error: 0.0019690804
--- Total running time: 24472.64517068863 seconds ---
===============================================
Fianal epoch 19999: PDE Error: 0.0022194885; False Transient Error: 0.0019112152
--- Total running time: 26368.404719352722 seconds ---
===============================================
Fianal epoch 19999: PDE Error: 0.0022405888; False Transient Error: 0.0020297190
--- Total running time: 28269.518144130707 seconds ---
===============================================
Fianal epoch 19999: PDE Error: 0.0022984332; False Transient Error: 0.0021087379
--- Total running time: 30171.110555171967 seconds ---
===============================================
Fianal epoch 19999: PDE Error: 0.0023346031; False Transient Error: 0.0021582356
--- Total running time: 32065.571595191956 seconds ---
===============================================
Fianal epoch 19999: PDE Error: 0.0023559841; False Transient Error: 0.0021886998
--- Total running time: 33965.37108755112 seconds ---
===============================================
Fianal epoch 19999: PDE Error: 0.0023675690; False Transient Error: 0.0022063938
--- Total running time: 35865.352137088776 seconds ---
===============================================
Fianal epoch 19999: PDE Error: 0.0023738101; False Transient Error: 0.0022175932
--- Total running time: 37765.559869766235 seconds ---
===============================================
Fianal epoch 19999: PDE Error: 0.0013542755; False Transient Error: 0.0013541404
--- Total running time: 39661.3991894722 seconds ---
===============================================
Fianal epoch 19999: PDE Error: 0.0013542935; False Transient Error: 0.0013541584
--- Total running time: 41543.8696641922 seconds ---
===============================================
Fianal epoch 19999: PDE Error: 0.0013543783; False Transient Error: 0.0013542433
--- Total running time: 43426.33224225044 seconds ---
===============================================
Fianal epoch 19999: PDE Error: 0.0013545269; False Transient Error: 0.0013543919
--- Total running time: 45333.25406455994 seconds ---
===============================================
Fianal epoch 19999: PDE Error: 0.0013547353; False Transient Error: 0.0013546003
--- Total running time: 47146.63336491585 seconds ---
===============================================
Fianal epoch 19999: PDE Error: 0.0013549987; False Transient Error: 0.0013548637
--- Total running time: 49072.78476548195 seconds ---
===============================================
Fianal epoch 19999: PDE Error: 0.0013553118; False Transient Error: 0.0013551768
--- Total running time: 50997.29119133949 seconds ---
===============================================
Fianal epoch 19999: PDE Error: 0.0013556686; False Transient Error: 0.0013555336
--- Total running time: 52915.38285827637 seconds ---
===============================================
Fianal epoch 19999: PDE Error: 0.0013560626; False Transient Error: 0.0013559277
--- Total running time: 54823.36916780472 seconds ---
===============================================
Fianal epoch 19999: PDE Error: 0.0013564872; False Transient Error: 0.0013563522
--- Total running time: 56712.72727513313 seconds ---
===============================================
Fianal epoch 19999: PDE Error: 0.0013542314; False Transient Error: 0.0013540963
--- Total running time: 58595.53460979462 seconds ---
===============================================
Fianal epoch 19999: PDE Error: 0.0013542245; False Transient Error: 0.0013540893
--- Total running time: 60479.675168037415 seconds ---
===============================================
Fianal epoch 19999: PDE Error: 0.0013542182; False Transient Error: 0.0013540830
--- Total running time: 62358.25015091896 seconds ---
===============================================
Fianal epoch 19999: PDE Error: 0.0013542126; False Transient Error: 0.0013540773
--- Total running time: 64200.3185107708 seconds ---
===============================================
Fianal epoch 19999: PDE Error: 0.0013542077; False Transient Error: 0.0013540722
--- Total running time: 66035.95582985878 seconds ---
===============================================
Fianal epoch 19999: PDE Error: 0.0013542034; False Transient Error: 0.0013540678
--- Total running time: 67874.370074749 seconds ---
===============================================
Fianal epoch 19999: PDE Error: 0.0013541996; False Transient Error: 0.0013540640
--- Total running time: 69824.39230704308 seconds ---
===============================================
Fianal epoch 19999: PDE Error: 0.0013541965; False Transient Error: 0.0013540609
--- Total running time: 71806.80396747589 seconds ---
===============================================
Fianal epoch 19999: PDE Error: 0.0013541940; False Transient Error: 0.0013540583
--- Total running time: 73789.97498989105 seconds ---
===============================================
Fianal epoch 19999: PDE Error: 0.0013541920; False Transient Error: 0.0013540564
--- Total running time: 75688.620718956 seconds ---
/home/bincheng/TwoCapital_Bin
Grid dimension: [36, 86, 51]

===============================================
Fianal epoch 19999: PDE Error: 0.0013562291; False Transient Error: 0.0013560941
--- Total running time: 1974.8994808197021 seconds ---
===============================================
Fianal epoch 19999: PDE Error: 0.0021406577; False Transient Error: 0.0018931660
--- Total running time: 3847.850898742676 seconds ---
===============================================
Fianal epoch 19999: PDE Error: 0.0022613861; False Transient Error: 0.0016901019
--- Total running time: 5725.522562265396 seconds ---
===============================================
Fianal epoch 19999: PDE Error: 0.0024485992; False Transient Error: 0.0016284334
--- Total running time: 7663.223126649857 seconds ---
===============================================
Fianal epoch 19999: PDE Error: 0.0023998008; False Transient Error: 0.0016055036
--- Total running time: 9606.268646478653 seconds ---
===============================================
Fianal epoch 19999: PDE Error: 0.0024560571; False Transient Error: 0.0015868193
--- Total running time: 11535.365627288818 seconds ---
===============================================
Fianal epoch 19999: PDE Error: 0.0025705186; False Transient Error: 0.0015683218
--- Total running time: 13454.610379695892 seconds ---
===============================================
Fianal epoch 19999: PDE Error: 0.0026847838; False Transient Error: 0.0015570444
--- Total running time: 15381.260984182358 seconds ---
===============================================
Fianal epoch 19999: PDE Error: 0.0028476593; False Transient Error: 0.0015486910
--- Total running time: 17334.61154961586 seconds ---
===============================================
Fianal epoch 19999: PDE Error: 0.0028541500; False Transient Error: 0.0018118484
--- Total running time: 19283.98394203186 seconds ---
===============================================
Fianal epoch 19999: PDE Error: 0.0013548068; False Transient Error: 0.0013546718
--- Total running time: 21203.14378762245 seconds ---
===============================================
Fianal epoch 19999: PDE Error: 0.0015107489; False Transient Error: 0.0015104545
--- Total running time: 23130.58740901947 seconds ---
===============================================
Fianal epoch 19999: PDE Error: 0.0022964417; False Transient Error: 0.0019690804
--- Total running time: 25061.763838768005 seconds ---
===============================================
Fianal epoch 19999: PDE Error: 0.0022194885; False Transient Error: 0.0019112152
--- Total running time: 26996.34398818016 seconds ---
===============================================
Fianal epoch 19999: PDE Error: 0.0022405888; False Transient Error: 0.0020297190
--- Total running time: 28925.43425321579 seconds ---
===============================================
Fianal epoch 19999: PDE Error: 0.0022984332; False Transient Error: 0.0021087379
--- Total running time: 30856.080339431763 seconds ---
===============================================
Fianal epoch 19999: PDE Error: 0.0023346031; False Transient Error: 0.0021582356
--- Total running time: 32783.790924072266 seconds ---
===============================================
Fianal epoch 19999: PDE Error: 0.0023559841; False Transient Error: 0.0021886998
--- Total running time: 34712.40353727341 seconds ---
===============================================
Fianal epoch 19999: PDE Error: 0.0023675690; False Transient Error: 0.0022063938
--- Total running time: 36653.465784311295 seconds ---
===============================================
Fianal epoch 19999: PDE Error: 0.0023738101; False Transient Error: 0.0022175932
--- Total running time: 38612.7491106987 seconds ---
===============================================
Fianal epoch 19999: PDE Error: 0.0013542755; False Transient Error: 0.0013541404
--- Total running time: 40564.63291597366 seconds ---
===============================================
Fianal epoch 19999: PDE Error: 0.0013542935; False Transient Error: 0.0013541584
--- Total running time: 42495.58852362633 seconds ---
===============================================
Fianal epoch 19999: PDE Error: 0.0013543783; False Transient Error: 0.0013542433
--- Total running time: 44423.05504775047 seconds ---
===============================================
Fianal epoch 19999: PDE Error: 0.0013545269; False Transient Error: 0.0013543919
--- Total running time: 46375.91510987282 seconds ---
===============================================
Fianal epoch 19999: PDE Error: 0.0013547353; False Transient Error: 0.0013546003
--- Total running time: 48302.50403428078 seconds ---
===============================================
Fianal epoch 19999: PDE Error: 0.0013549987; False Transient Error: 0.0013548637
--- Total running time: 50229.313666820526 seconds ---
===============================================
Fianal epoch 19999: PDE Error: 0.0013553118; False Transient Error: 0.0013551768
--- Total running time: 52151.612340688705 seconds ---
===============================================
Fianal epoch 19999: PDE Error: 0.0013556686; False Transient Error: 0.0013555336
--- Total running time: 54084.305481910706 seconds ---
===============================================
Fianal epoch 19999: PDE Error: 0.0013560626; False Transient Error: 0.0013559277
--- Total running time: 56017.912351846695 seconds ---
===============================================
Fianal epoch 19999: PDE Error: 0.0013564872; False Transient Error: 0.0013563522
--- Total running time: 57946.23710298538 seconds ---
===============================================
Fianal epoch 19999: PDE Error: 0.0013542314; False Transient Error: 0.0013540963
--- Total running time: 59876.47731804848 seconds ---
===============================================
Fianal epoch 19999: PDE Error: 0.0013542245; False Transient Error: 0.0013540893
--- Total running time: 61797.80607867241 seconds ---
===============================================
Fianal epoch 19999: PDE Error: 0.0013542182; False Transient Error: 0.0013540830
--- Total running time: 63721.109788417816 seconds ---
===============================================
Fianal epoch 19999: PDE Error: 0.0013542126; False Transient Error: 0.0013540773
--- Total running time: 65638.95119929314 seconds ---
===============================================
Fianal epoch 19999: PDE Error: 0.0013542077; False Transient Error: 0.0013540722
--- Total running time: 67556.1563334465 seconds ---
===============================================
Fianal epoch 19999: PDE Error: 0.0013542034; False Transient Error: 0.0013540678
--- Total running time: 69479.61767077446 seconds ---
===============================================
Fianal epoch 19999: PDE Error: 0.0013541996; False Transient Error: 0.0013540640
--- Total running time: 71456.38995146751 seconds ---
===============================================
Fianal epoch 19999: PDE Error: 0.0013541965; False Transient Error: 0.0013540609
--- Total running time: 73437.4125533104 seconds ---
===============================================
Fianal epoch 19999: PDE Error: 0.0013541940; False Transient Error: 0.0013540583
--- Total running time: 75424.00589680672 seconds ---
===============================================
Fianal epoch 19999: PDE Error: 0.0013541920; False Transient Error: 0.0013540564
--- Total running time: 77410.4163646698 seconds ---
/home/bincheng/TwoCapital_Bin
